Build started 2/16/2016 4:04:31 PM.
     1>Project "N:\MTH221\mth22113\lab 13\lab 13\lab 13.vcxproj" on node 2 (build target(s)).
     1>InitializeBuildStatus:
         Creating "Debug\lab 13.unsuccessfulbuild" because "AlwaysCreate" was specified.
       ClCompile:
         All outputs are up-to-date.
         All outputs are up-to-date.
       ManifestResourceCompile:
         All outputs are up-to-date.
       Link:
         c:\Program Files (x86)\Microsoft Visual Studio 10.0\VC\bin\link.exe /ERRORREPORT:PROMPT /OUT:"N:\MTH221\mth22113\lab 13\Debug\lab 13.exe" /INCREMENTAL /NOLOGO kernel32.lib user32.lib gdi32.lib winspool.lib comdlg32.lib advapi32.lib shell32.lib ole32.lib oleaut32.lib uuid.lib odbc32.lib odbccp32.lib /MANIFEST /ManifestFile:"Debug\lab 13.exe.intermediate.manifest" /MANIFESTUAC:"level='asInvoker' uiAccess='false'" /DEBUG /PDB:"N:\MTH221\mth22113\lab 13\Debug\lab 13.pdb" /SUBSYSTEM:CONSOLE /TLBID:1 /DYNAMICBASE /NXCOMPAT /IMPLIB:"N:\MTH221\mth22113\lab 13\Debug\lab 13.lib" /MACHINE:X86 "Debug\lab 13.exe.embed.manifest.res"
         "Debug\lab 13.obj"
         Debug\stdafx.obj
       Manifest:
         C:\Program Files (x86)\Microsoft SDKs\Windows\v7.0A\bin\mt.exe /nologo /verbose /out:"Debug\lab 13.exe.embed.manifest" /manifest "Debug\lab 13.exe.intermediate.manifest"
         All outputs are up-to-date.
       LinkEmbedManifest:
         c:\Program Files (x86)\Microsoft Visual Studio 10.0\VC\bin\link.exe /ERRORREPORT:PROMPT /OUT:"N:\MTH221\mth22113\lab 13\Debug\lab 13.exe" /INCREMENTAL /NOLOGO kernel32.lib user32.lib gdi32.lib winspool.lib comdlg32.lib advapi32.lib shell32.lib ole32.lib oleaut32.lib uuid.lib odbc32.lib odbccp32.lib /MANIFEST /ManifestFile:"Debug\lab 13.exe.intermediate.manifest" /MANIFESTUAC:"level='asInvoker' uiAccess='false'" /DEBUG /PDB:"N:\MTH221\mth22113\lab 13\Debug\lab 13.pdb" /SUBSYSTEM:CONSOLE /TLBID:1 /DYNAMICBASE /NXCOMPAT /IMPLIB:"N:\MTH221\mth22113\lab 13\Debug\lab 13.lib" /MACHINE:X86 "Debug\lab 13.exe.embed.manifest.res"
         "Debug\lab 13.obj"
         Debug\stdafx.obj
         lab 13.vcxproj -> N:\MTH221\mth22113\lab 13\Debug\lab 13.exe
       FinalizeBuildStatus:
         Deleting file "Debug\lab 13.unsuccessfulbuild".
         Touching "Debug\lab 13.lastbuildstate".
     1>Done Building Project "N:\MTH221\mth22113\lab 13\lab 13\lab 13.vcxproj" (build target(s)).

Build succeeded.

Time Elapsed 00:00:01.21
