Build started 1/28/2016 2:38:07 PM.
     1>Project "N:\MTH221\mth22113\lab9\lab9\lab9.vcxproj" on node 2 (build target(s)).
     1>InitializeBuildStatus:
         Creating "Debug\lab9.unsuccessfulbuild" because "AlwaysCreate" was specified.
       ClCompile:
         All outputs are up-to-date.
         All outputs are up-to-date.
       ManifestResourceCompile:
         All outputs are up-to-date.
       Link:
         c:\Program Files (x86)\Microsoft Visual Studio 10.0\VC\bin\link.exe /ERRORREPORT:PROMPT /OUT:"N:\MTH221\mth22113\lab9\Debug\lab9.exe" /INCREMENTAL /NOLOGO kernel32.lib user32.lib gdi32.lib winspool.lib comdlg32.lib advapi32.lib shell32.lib ole32.lib oleaut32.lib uuid.lib odbc32.lib odbccp32.lib /MANIFEST /ManifestFile:"Debug\lab9.exe.intermediate.manifest" /MANIFESTUAC:"level='asInvoker' uiAccess='false'" /DEBUG /PDB:"N:\MTH221\mth22113\lab9\Debug\lab9.pdb" /SUBSYSTEM:CONSOLE /TLBID:1 /DYNAMICBASE /NXCOMPAT /IMPLIB:"N:\MTH221\mth22113\lab9\Debug\lab9.lib" /MACHINE:X86 Debug\lab9.exe.embed.manifest.res
         Debug\lab9.obj
         Debug\stdafx.obj
       Manifest:
         C:\Program Files (x86)\Microsoft SDKs\Windows\v7.0A\bin\mt.exe /nologo /verbose /out:"Debug\lab9.exe.embed.manifest" /manifest Debug\lab9.exe.intermediate.manifest
         All outputs are up-to-date.
       LinkEmbedManifest:
         c:\Program Files (x86)\Microsoft Visual Studio 10.0\VC\bin\link.exe /ERRORREPORT:PROMPT /OUT:"N:\MTH221\mth22113\lab9\Debug\lab9.exe" /INCREMENTAL /NOLOGO kernel32.lib user32.lib gdi32.lib winspool.lib comdlg32.lib advapi32.lib shell32.lib ole32.lib oleaut32.lib uuid.lib odbc32.lib odbccp32.lib /MANIFEST /ManifestFile:"Debug\lab9.exe.intermediate.manifest" /MANIFESTUAC:"level='asInvoker' uiAccess='false'" /DEBUG /PDB:"N:\MTH221\mth22113\lab9\Debug\lab9.pdb" /SUBSYSTEM:CONSOLE /TLBID:1 /DYNAMICBASE /NXCOMPAT /IMPLIB:"N:\MTH221\mth22113\lab9\Debug\lab9.lib" /MACHINE:X86 Debug\lab9.exe.embed.manifest.res
         Debug\lab9.obj
         Debug\stdafx.obj
         lab9.vcxproj -> N:\MTH221\mth22113\lab9\Debug\lab9.exe
       FinalizeBuildStatus:
         Deleting file "Debug\lab9.unsuccessfulbuild".
         Touching "Debug\lab9.lastbuildstate".
     1>Done Building Project "N:\MTH221\mth22113\lab9\lab9\lab9.vcxproj" (build target(s)).

Build succeeded.

Time Elapsed 00:00:01.12
