Build started 1/26/2016 3:04:38 PM.
     1>Project "N:\MTH221\mth22113\Lab8\Lab8\Lab8.vcxproj" on node 2 (build target(s)).
     1>InitializeBuildStatus:
         Creating "Debug\Lab8.unsuccessfulbuild" because "AlwaysCreate" was specified.
       ClCompile:
         All outputs are up-to-date.
         All outputs are up-to-date.
       ManifestResourceCompile:
         All outputs are up-to-date.
       Link:
         c:\Program Files (x86)\Microsoft Visual Studio 10.0\VC\bin\link.exe /ERRORREPORT:PROMPT /OUT:"N:\MTH221\mth22113\Lab8\Debug\Lab8.exe" /INCREMENTAL /NOLOGO kernel32.lib user32.lib gdi32.lib winspool.lib comdlg32.lib advapi32.lib shell32.lib ole32.lib oleaut32.lib uuid.lib odbc32.lib odbccp32.lib /MANIFEST /ManifestFile:"Debug\Lab8.exe.intermediate.manifest" /MANIFESTUAC:"level='asInvoker' uiAccess='false'" /DEBUG /PDB:"N:\MTH221\mth22113\Lab8\Debug\Lab8.pdb" /SUBSYSTEM:CONSOLE /TLBID:1 /DYNAMICBASE /NXCOMPAT /IMPLIB:"N:\MTH221\mth22113\Lab8\Debug\Lab8.lib" /MACHINE:X86 Debug\Lab8.exe.embed.manifest.res
         Debug\Lab8.obj
         Debug\stdafx.obj
       Manifest:
         C:\Program Files (x86)\Microsoft SDKs\Windows\v7.0A\bin\mt.exe /nologo /verbose /out:"Debug\Lab8.exe.embed.manifest" /manifest Debug\Lab8.exe.intermediate.manifest
         All outputs are up-to-date.
       LinkEmbedManifest:
         c:\Program Files (x86)\Microsoft Visual Studio 10.0\VC\bin\link.exe /ERRORREPORT:PROMPT /OUT:"N:\MTH221\mth22113\Lab8\Debug\Lab8.exe" /INCREMENTAL /NOLOGO kernel32.lib user32.lib gdi32.lib winspool.lib comdlg32.lib advapi32.lib shell32.lib ole32.lib oleaut32.lib uuid.lib odbc32.lib odbccp32.lib /MANIFEST /ManifestFile:"Debug\Lab8.exe.intermediate.manifest" /MANIFESTUAC:"level='asInvoker' uiAccess='false'" /DEBUG /PDB:"N:\MTH221\mth22113\Lab8\Debug\Lab8.pdb" /SUBSYSTEM:CONSOLE /TLBID:1 /DYNAMICBASE /NXCOMPAT /IMPLIB:"N:\MTH221\mth22113\Lab8\Debug\Lab8.lib" /MACHINE:X86 Debug\Lab8.exe.embed.manifest.res
         Debug\Lab8.obj
         Debug\stdafx.obj
         Lab8.vcxproj -> N:\MTH221\mth22113\Lab8\Debug\Lab8.exe
       FinalizeBuildStatus:
         Deleting file "Debug\Lab8.unsuccessfulbuild".
         Touching "Debug\Lab8.lastbuildstate".
     1>Done Building Project "N:\MTH221\mth22113\Lab8\Lab8\Lab8.vcxproj" (build target(s)).

Build succeeded.

Time Elapsed 00:00:01.15
