Build started 4/11/2016 4:07:28 PM.
     1>Project "N:\MTH221\mth22113\quiz 4\quiz 4\quiz 4.vcxproj" on node 2 (build target(s)).
     1>InitializeBuildStatus:
         Creating "Debug\quiz 4.unsuccessfulbuild" because "AlwaysCreate" was specified.
       ClCompile:
         All outputs are up-to-date.
         All outputs are up-to-date.
       ManifestResourceCompile:
         C:\Program Files (x86)\Microsoft SDKs\Windows\v7.0A\bin\rc.exe /nologo /fo"Debug\quiz 4.exe.embed.manifest.res" "Debug\quiz 4_manifest.rc" 
       Link:
         C:\Program Files (x86)\Microsoft Visual Studio 10.0\VC\bin\link.exe /ERRORREPORT:PROMPT /OUT:"N:\MTH221\mth22113\quiz 4\Debug\quiz 4.exe" /INCREMENTAL /NOLOGO kernel32.lib user32.lib gdi32.lib winspool.lib comdlg32.lib advapi32.lib shell32.lib ole32.lib oleaut32.lib uuid.lib odbc32.lib odbccp32.lib /MANIFEST /ManifestFile:"Debug\quiz 4.exe.intermediate.manifest" /MANIFESTUAC:"level='asInvoker' uiAccess='false'" /DEBUG /PDB:"N:\MTH221\mth22113\quiz 4\Debug\quiz 4.pdb" /SUBSYSTEM:CONSOLE /TLBID:1 /DYNAMICBASE /NXCOMPAT /IMPLIB:"N:\MTH221\mth22113\quiz 4\Debug\quiz 4.lib" /MACHINE:X86 "Debug\quiz 4.exe.embed.manifest.res"
         Debug\mesureFunctions.obj
         "Debug\quiz 4.obj"
         Debug\stdafx.obj
       Manifest:
         C:\Program Files (x86)\Microsoft SDKs\Windows\v7.0A\bin\mt.exe /nologo /verbose /out:"Debug\quiz 4.exe.embed.manifest" /manifest "Debug\quiz 4.exe.intermediate.manifest"
         C:\Program Files (x86)\Microsoft SDKs\Windows\v7.0A\bin\rc.exe /nologo /fo"Debug\quiz 4.exe.embed.manifest.res" "Debug\quiz 4_manifest.rc" 
       LinkEmbedManifest:
         C:\Program Files (x86)\Microsoft Visual Studio 10.0\VC\bin\link.exe /ERRORREPORT:PROMPT /OUT:"N:\MTH221\mth22113\quiz 4\Debug\quiz 4.exe" /INCREMENTAL /NOLOGO kernel32.lib user32.lib gdi32.lib winspool.lib comdlg32.lib advapi32.lib shell32.lib ole32.lib oleaut32.lib uuid.lib odbc32.lib odbccp32.lib /MANIFEST /ManifestFile:"Debug\quiz 4.exe.intermediate.manifest" /MANIFESTUAC:"level='asInvoker' uiAccess='false'" /DEBUG /PDB:"N:\MTH221\mth22113\quiz 4\Debug\quiz 4.pdb" /SUBSYSTEM:CONSOLE /TLBID:1 /DYNAMICBASE /NXCOMPAT /IMPLIB:"N:\MTH221\mth22113\quiz 4\Debug\quiz 4.lib" /MACHINE:X86 "Debug\quiz 4.exe.embed.manifest.res"
         Debug\mesureFunctions.obj
         "Debug\quiz 4.obj"
         Debug\stdafx.obj
         quiz 4.vcxproj -> N:\MTH221\mth22113\quiz 4\Debug\quiz 4.exe
       FinalizeBuildStatus:
         Deleting file "Debug\quiz 4.unsuccessfulbuild".
         Touching "Debug\quiz 4.lastbuildstate".
     1>Done Building Project "N:\MTH221\mth22113\quiz 4\quiz 4\quiz 4.vcxproj" (build target(s)).

Build succeeded.

Time Elapsed 00:00:01.15
