Build started 3/4/2016 10:56:48 AM.
     1>Project "N:\MTH221\mth22113\Quiz 3\Quiz 3\Quiz 3.vcxproj" on node 2 (build target(s)).
     1>InitializeBuildStatus:
         Creating "Debug\Quiz 3.unsuccessfulbuild" because "AlwaysCreate" was specified.
       ClCompile:
         All outputs are up-to-date.
         c:\Program Files (x86)\Microsoft Visual Studio 10.0\VC\bin\CL.exe /c /ZI /nologo /W3 /WX- /Od /Oy- /D WIN32 /D _DEBUG /D _CONSOLE /D _UNICODE /D UNICODE /Gm /EHsc /RTC1 /MDd /GS /fp:precise /Zc:wchar_t /Zc:forScope /Yu"StdAfx.h" /Fp"Debug\Quiz 3.pch" /Fo"Debug\\" /Fd"Debug\vc100.pdb" /Gd /TP /analyze- /errorReport:prompt "Quiz 3.cpp"
         Quiz 3.cpp
       ManifestResourceCompile:
         All outputs are up-to-date.
       Link:
         c:\Program Files (x86)\Microsoft Visual Studio 10.0\VC\bin\link.exe /ERRORREPORT:PROMPT /OUT:"N:\MTH221\mth22113\Quiz 3\Debug\Quiz 3.exe" /INCREMENTAL /NOLOGO kernel32.lib user32.lib gdi32.lib winspool.lib comdlg32.lib advapi32.lib shell32.lib ole32.lib oleaut32.lib uuid.lib odbc32.lib odbccp32.lib /MANIFEST /ManifestFile:"Debug\Quiz 3.exe.intermediate.manifest" /MANIFESTUAC:"level='asInvoker' uiAccess='false'" /DEBUG /PDB:"N:\MTH221\mth22113\Quiz 3\Debug\Quiz 3.pdb" /SUBSYSTEM:CONSOLE /TLBID:1 /DYNAMICBASE /NXCOMPAT /IMPLIB:"N:\MTH221\mth22113\Quiz 3\Debug\Quiz 3.lib" /MACHINE:X86 "Debug\Quiz 3.exe.embed.manifest.res"
         "Debug\Quiz 3.obj"
         Debug\stdafx.obj
       Manifest:
         C:\Program Files (x86)\Microsoft SDKs\Windows\v7.0A\bin\mt.exe /nologo /verbose /out:"Debug\Quiz 3.exe.embed.manifest" /manifest "Debug\Quiz 3.exe.intermediate.manifest"
         All outputs are up-to-date.
       LinkEmbedManifest:
         c:\Program Files (x86)\Microsoft Visual Studio 10.0\VC\bin\link.exe /ERRORREPORT:PROMPT /OUT:"N:\MTH221\mth22113\Quiz 3\Debug\Quiz 3.exe" /INCREMENTAL /NOLOGO kernel32.lib user32.lib gdi32.lib winspool.lib comdlg32.lib advapi32.lib shell32.lib ole32.lib oleaut32.lib uuid.lib odbc32.lib odbccp32.lib /MANIFEST /ManifestFile:"Debug\Quiz 3.exe.intermediate.manifest" /MANIFESTUAC:"level='asInvoker' uiAccess='false'" /DEBUG /PDB:"N:\MTH221\mth22113\Quiz 3\Debug\Quiz 3.pdb" /SUBSYSTEM:CONSOLE /TLBID:1 /DYNAMICBASE /NXCOMPAT /IMPLIB:"N:\MTH221\mth22113\Quiz 3\Debug\Quiz 3.lib" /MACHINE:X86 "Debug\Quiz 3.exe.embed.manifest.res"
         "Debug\Quiz 3.obj"
         Debug\stdafx.obj
         Quiz 3.vcxproj -> N:\MTH221\mth22113\Quiz 3\Debug\Quiz 3.exe
       FinalizeBuildStatus:
         Deleting file "Debug\Quiz 3.unsuccessfulbuild".
         Touching "Debug\Quiz 3.lastbuildstate".
     1>Done Building Project "N:\MTH221\mth22113\Quiz 3\Quiz 3\Quiz 3.vcxproj" (build target(s)).

Build succeeded.

Time Elapsed 00:00:03.04
