Build started 1/13/2016 2:57:56 PM.
     1>Project "T:\lab3\lab3\lab3.vcxproj" on node 2 (build target(s)).
     1>PrepareForBuild:
         Creating directory "T:\lab3\Release\".
       InitializeBuildStatus:
         Creating "Release\lab3.unsuccessfulbuild" because "AlwaysCreate" was specified.
       ClCompile:
         C:\Program Files (x86)\Microsoft Visual Studio 10.0\VC\bin\CL.exe /c /Zi /nologo /W3 /WX- /O2 /Oi /Oy- /GL /D WIN32 /D NDEBUG /D _CONSOLE /D _UNICODE /D UNICODE /Gm- /EHsc /MD /GS /Gy /fp:precise /Zc:wchar_t /Zc:forScope /Yc"StdAfx.h" /Fp"Release\lab3.pch" /Fo"Release\\" /Fd"Release\vc100.pdb" /Gd /TP /analyze- /errorReport:prompt stdafx.cpp
         stdafx.cpp
         C:\Program Files (x86)\Microsoft Visual Studio 10.0\VC\bin\CL.exe /c /Zi /nologo /W3 /WX- /O2 /Oi /Oy- /GL /D WIN32 /D NDEBUG /D _CONSOLE /D _UNICODE /D UNICODE /Gm- /EHsc /MD /GS /Gy /fp:precise /Zc:wchar_t /Zc:forScope /Yu"StdAfx.h" /Fp"Release\lab3.pch" /Fo"Release\\" /Fd"Release\vc100.pdb" /Gd /TP /analyze- /errorReport:prompt lab3.cpp
         lab3.cpp
       Link:
         C:\Program Files (x86)\Microsoft Visual Studio 10.0\VC\bin\link.exe /ERRORREPORT:PROMPT /OUT:"T:\lab3\Release\lab3.exe" /INCREMENTAL:NO /NOLOGO kernel32.lib user32.lib gdi32.lib winspool.lib comdlg32.lib advapi32.lib shell32.lib ole32.lib oleaut32.lib uuid.lib odbc32.lib odbccp32.lib /MANIFEST /ManifestFile:"Release\lab3.exe.intermediate.manifest" /MANIFESTUAC:"level='asInvoker' uiAccess='false'" /DEBUG /PDB:"T:\lab3\Release\lab3.pdb" /SUBSYSTEM:CONSOLE /OPT:REF /OPT:ICF /LTCG /TLBID:1 /DYNAMICBASE /NXCOMPAT /IMPLIB:"T:\lab3\Release\lab3.lib" /MACHINE:X86 Release\lab3.obj
         Release\stdafx.obj
         Generating code
         Finished generating code
         lab3.vcxproj -> T:\lab3\Release\lab3.exe
       Manifest:
         C:\Program Files (x86)\Microsoft SDKs\Windows\v7.0A\bin\mt.exe /nologo /verbose /outputresource:"T:\lab3\Release\lab3.exe;#1" /manifest Release\lab3.exe.intermediate.manifest
       FinalizeBuildStatus:
         Deleting file "Release\lab3.unsuccessfulbuild".
         Touching "Release\lab3.lastbuildstate".
     1>Done Building Project "T:\lab3\lab3\lab3.vcxproj" (build target(s)).

Build succeeded.

Time Elapsed 00:00:01.37
