Build started 3/23/2016 5:19:13 PM.
     1>Project "N:\MTH221\mth22113\lab 19\lab 19\lab 19.vcxproj" on node 2 (build target(s)).
     1>InitializeBuildStatus:
         Creating "Debug\lab 19.unsuccessfulbuild" because "AlwaysCreate" was specified.
       ClCompile:
         C:\Program Files (x86)\Microsoft Visual Studio 10.0\VC\bin\CL.exe /c /ZI /nologo /W3 /WX- /Od /Oy- /D WIN32 /D _DEBUG /D _CONSOLE /D _UNICODE /D UNICODE /Gm /EHsc /RTC1 /MDd /GS /fp:precise /Zc:wchar_t /Zc:forScope /Yc"StdAfx.h" /Fp"Debug\lab 19.pch" /Fo"Debug\\" /Fd"Debug\vc100.pdb" /Gd /TP /analyze- /errorReport:prompt stdafx.cpp
         stdafx.cpp
         C:\Program Files (x86)\Microsoft Visual Studio 10.0\VC\bin\CL.exe /c /ZI /nologo /W3 /WX- /Od /Oy- /D WIN32 /D _DEBUG /D _CONSOLE /D _UNICODE /D UNICODE /Gm /EHsc /RTC1 /MDd /GS /fp:precise /Zc:wchar_t /Zc:forScope /Yu"StdAfx.h" /Fp"Debug\lab 19.pch" /Fo"Debug\\" /Fd"Debug\vc100.pdb" /Gd /TP /analyze- /errorReport:prompt "lab 19.cpp" vectorFunctions.cpp
         vectorFunctions.cpp
         lab 19.cpp
         Generating Code...
       ManifestResourceCompile:
         C:\Program Files (x86)\Microsoft SDKs\Windows\v7.0A\bin\rc.exe /nologo /fo"Debug\lab 19.exe.embed.manifest.res" "Debug\lab 19_manifest.rc" 
       Link:
         C:\Program Files (x86)\Microsoft Visual Studio 10.0\VC\bin\link.exe /ERRORREPORT:PROMPT /OUT:"N:\MTH221\mth22113\lab 19\Debug\lab 19.exe" /INCREMENTAL /NOLOGO kernel32.lib user32.lib gdi32.lib winspool.lib comdlg32.lib advapi32.lib shell32.lib ole32.lib oleaut32.lib uuid.lib odbc32.lib odbccp32.lib /MANIFEST /ManifestFile:"Debug\lab 19.exe.intermediate.manifest" /MANIFESTUAC:"level='asInvoker' uiAccess='false'" /DEBUG /PDB:"N:\MTH221\mth22113\lab 19\Debug\lab 19.pdb" /SUBSYSTEM:CONSOLE /TLBID:1 /DYNAMICBASE /NXCOMPAT /IMPLIB:"N:\MTH221\mth22113\lab 19\Debug\lab 19.lib" /MACHINE:X86 "Debug\lab 19.exe.embed.manifest.res"
         "Debug\lab 19.obj"
         Debug\stdafx.obj
         Debug\vectorFunctions.obj
       Manifest:
         C:\Program Files (x86)\Microsoft SDKs\Windows\v7.0A\bin\mt.exe /nologo /verbose /out:"Debug\lab 19.exe.embed.manifest" /manifest "Debug\lab 19.exe.intermediate.manifest"
         C:\Program Files (x86)\Microsoft SDKs\Windows\v7.0A\bin\rc.exe /nologo /fo"Debug\lab 19.exe.embed.manifest.res" "Debug\lab 19_manifest.rc" 
       LinkEmbedManifest:
         C:\Program Files (x86)\Microsoft Visual Studio 10.0\VC\bin\link.exe /ERRORREPORT:PROMPT /OUT:"N:\MTH221\mth22113\lab 19\Debug\lab 19.exe" /INCREMENTAL /NOLOGO kernel32.lib user32.lib gdi32.lib winspool.lib comdlg32.lib advapi32.lib shell32.lib ole32.lib oleaut32.lib uuid.lib odbc32.lib odbccp32.lib /MANIFEST /ManifestFile:"Debug\lab 19.exe.intermediate.manifest" /MANIFESTUAC:"level='asInvoker' uiAccess='false'" /DEBUG /PDB:"N:\MTH221\mth22113\lab 19\Debug\lab 19.pdb" /SUBSYSTEM:CONSOLE /TLBID:1 /DYNAMICBASE /NXCOMPAT /IMPLIB:"N:\MTH221\mth22113\lab 19\Debug\lab 19.lib" /MACHINE:X86 "Debug\lab 19.exe.embed.manifest.res"
         "Debug\lab 19.obj"
         Debug\stdafx.obj
         Debug\vectorFunctions.obj
         lab 19.vcxproj -> N:\MTH221\mth22113\lab 19\Debug\lab 19.exe
       FinalizeBuildStatus:
         Deleting file "Debug\lab 19.unsuccessfulbuild".
         Touching "Debug\lab 19.lastbuildstate".
     1>Done Building Project "N:\MTH221\mth22113\lab 19\lab 19\lab 19.vcxproj" (build target(s)).

Build succeeded.

Time Elapsed 00:00:03.11
