Build started 2/19/2016 3:22:23 PM.
     1>Project "N:\MTH221\mth22113\lab 14\lab 14\lab 14.vcxproj" on node 2 (build target(s)).
     1>InitializeBuildStatus:
         Creating "Debug\lab 14.unsuccessfulbuild" because "AlwaysCreate" was specified.
       ClCompile:
         c:\Program Files (x86)\Microsoft Visual Studio 10.0\VC\bin\CL.exe /c /ZI /nologo /W3 /WX- /Od /Oy- /D WIN32 /D _DEBUG /D _CONSOLE /D _UNICODE /D UNICODE /Gm /EHsc /RTC1 /MDd /GS /fp:precise /Zc:wchar_t /Zc:forScope /Yc"StdAfx.h" /Fp"Debug\lab 14.pch" /Fo"Debug\\" /Fd"Debug\vc100.pdb" /Gd /TP /analyze- /errorReport:prompt stdafx.cpp
         stdafx.cpp
         c:\Program Files (x86)\Microsoft Visual Studio 10.0\VC\bin\CL.exe /c /ZI /nologo /W3 /WX- /Od /Oy- /D WIN32 /D _DEBUG /D _CONSOLE /D _UNICODE /D UNICODE /Gm /EHsc /RTC1 /MDd /GS /fp:precise /Zc:wchar_t /Zc:forScope /Yu"StdAfx.h" /Fp"Debug\lab 14.pch" /Fo"Debug\\" /Fd"Debug\vc100.pdb" /Gd /TP /analyze- /errorReport:prompt "lab 14.cpp"
         lab 14.cpp
     1>n:\mth221\mth22113\lab 14\lab 14\lab 14.cpp(23): warning C4305: 'initializing' : truncation from 'double' to 'const float'
     1>n:\mth221\mth22113\lab 14\lab 14\lab 14.cpp(65): warning C4244: '+=' : conversion from 'double' to 'float', possible loss of data
       ManifestResourceCompile:
         C:\Program Files (x86)\Microsoft SDKs\Windows\v7.0A\bin\rc.exe /nologo /fo"Debug\lab 14.exe.embed.manifest.res" "Debug\lab 14_manifest.rc" 
       Link:
         c:\Program Files (x86)\Microsoft Visual Studio 10.0\VC\bin\link.exe /ERRORREPORT:PROMPT /OUT:"N:\MTH221\mth22113\lab 14\Debug\lab 14.exe" /INCREMENTAL /NOLOGO kernel32.lib user32.lib gdi32.lib winspool.lib comdlg32.lib advapi32.lib shell32.lib ole32.lib oleaut32.lib uuid.lib odbc32.lib odbccp32.lib /MANIFEST /ManifestFile:"Debug\lab 14.exe.intermediate.manifest" /MANIFESTUAC:"level='asInvoker' uiAccess='false'" /DEBUG /PDB:"N:\MTH221\mth22113\lab 14\Debug\lab 14.pdb" /SUBSYSTEM:CONSOLE /TLBID:1 /DYNAMICBASE /NXCOMPAT /IMPLIB:"N:\MTH221\mth22113\lab 14\Debug\lab 14.lib" /MACHINE:X86 "Debug\lab 14.exe.embed.manifest.res"
         "Debug\lab 14.obj"
         Debug\stdafx.obj
       Manifest:
         C:\Program Files (x86)\Microsoft SDKs\Windows\v7.0A\bin\mt.exe /nologo /verbose /out:"Debug\lab 14.exe.embed.manifest" /manifest "Debug\lab 14.exe.intermediate.manifest"
         C:\Program Files (x86)\Microsoft SDKs\Windows\v7.0A\bin\rc.exe /nologo /fo"Debug\lab 14.exe.embed.manifest.res" "Debug\lab 14_manifest.rc" 
       LinkEmbedManifest:
         c:\Program Files (x86)\Microsoft Visual Studio 10.0\VC\bin\link.exe /ERRORREPORT:PROMPT /OUT:"N:\MTH221\mth22113\lab 14\Debug\lab 14.exe" /INCREMENTAL /NOLOGO kernel32.lib user32.lib gdi32.lib winspool.lib comdlg32.lib advapi32.lib shell32.lib ole32.lib oleaut32.lib uuid.lib odbc32.lib odbccp32.lib /MANIFEST /ManifestFile:"Debug\lab 14.exe.intermediate.manifest" /MANIFESTUAC:"level='asInvoker' uiAccess='false'" /DEBUG /PDB:"N:\MTH221\mth22113\lab 14\Debug\lab 14.pdb" /SUBSYSTEM:CONSOLE /TLBID:1 /DYNAMICBASE /NXCOMPAT /IMPLIB:"N:\MTH221\mth22113\lab 14\Debug\lab 14.lib" /MACHINE:X86 "Debug\lab 14.exe.embed.manifest.res"
         "Debug\lab 14.obj"
         Debug\stdafx.obj
         lab 14.vcxproj -> N:\MTH221\mth22113\lab 14\Debug\lab 14.exe
       FinalizeBuildStatus:
         Deleting file "Debug\lab 14.unsuccessfulbuild".
         Touching "Debug\lab 14.lastbuildstate".
     1>Done Building Project "N:\MTH221\mth22113\lab 14\lab 14\lab 14.vcxproj" (build target(s)).

Build succeeded.

Time Elapsed 00:00:06.02
