Build started 2/29/2016 2:33:33 PM.
     1>Project "T:\Sort\Sort\Sort.vcxproj" on node 2 (build target(s)).
     1>InitializeBuildStatus:
         Creating "Debug\Sort.unsuccessfulbuild" because "AlwaysCreate" was specified.
       ClCompile:
         C:\Program Files (x86)\Microsoft Visual Studio 10.0\VC\bin\CL.exe /c /ZI /nologo /W3 /WX- /Od /Oy- /D WIN32 /D _DEBUG /D _CONSOLE /D _UNICODE /D UNICODE /Gm /EHsc /RTC1 /MDd /GS /fp:precise /Zc:wchar_t /Zc:forScope /Yc"StdAfx.h" /Fp"Debug\Sort.pch" /Fo"Debug\\" /Fd"Debug\vc100.pdb" /Gd /TP /analyze- /errorReport:prompt stdafx.cpp
         stdafx.cpp
         C:\Program Files (x86)\Microsoft Visual Studio 10.0\VC\bin\CL.exe /c /ZI /nologo /W3 /WX- /Od /Oy- /D WIN32 /D _DEBUG /D _CONSOLE /D _UNICODE /D UNICODE /Gm /EHsc /RTC1 /MDd /GS /fp:precise /Zc:wchar_t /Zc:forScope /Yu"StdAfx.h" /Fp"Debug\Sort.pch" /Fo"Debug\\" /Fd"Debug\vc100.pdb" /Gd /TP /analyze- /errorReport:prompt Sort.cpp
         Sort.cpp
     1>t:\sort\sort\sort.cpp(18): warning C4305: 'initializing' : truncation from 'double' to 'float'
     1>t:\sort\sort\sort.cpp(18): warning C4305: 'initializing' : truncation from 'double' to 'float'
       ManifestResourceCompile:
         C:\Program Files (x86)\Microsoft SDKs\Windows\v7.0A\bin\rc.exe /nologo /fo"Debug\Sort.exe.embed.manifest.res" Debug\Sort_manifest.rc 
       Link:
         C:\Program Files (x86)\Microsoft Visual Studio 10.0\VC\bin\link.exe /ERRORREPORT:PROMPT /OUT:"T:\Sort\Debug\Sort.exe" /INCREMENTAL /NOLOGO kernel32.lib user32.lib gdi32.lib winspool.lib comdlg32.lib advapi32.lib shell32.lib ole32.lib oleaut32.lib uuid.lib odbc32.lib odbccp32.lib /MANIFEST /ManifestFile:"Debug\Sort.exe.intermediate.manifest" /MANIFESTUAC:"level='asInvoker' uiAccess='false'" /DEBUG /PDB:"T:\Sort\Debug\Sort.pdb" /SUBSYSTEM:CONSOLE /TLBID:1 /DYNAMICBASE /NXCOMPAT /IMPLIB:"T:\Sort\Debug\Sort.lib" /MACHINE:X86 Debug\Sort.exe.embed.manifest.res
         Debug\Sort.obj
         Debug\stdafx.obj
       Manifest:
         C:\Program Files (x86)\Microsoft SDKs\Windows\v7.0A\bin\mt.exe /nologo /verbose /out:"Debug\Sort.exe.embed.manifest" /manifest Debug\Sort.exe.intermediate.manifest
         All outputs are up-to-date.
       LinkEmbedManifest:
         C:\Program Files (x86)\Microsoft Visual Studio 10.0\VC\bin\link.exe /ERRORREPORT:PROMPT /OUT:"T:\Sort\Debug\Sort.exe" /INCREMENTAL /NOLOGO kernel32.lib user32.lib gdi32.lib winspool.lib comdlg32.lib advapi32.lib shell32.lib ole32.lib oleaut32.lib uuid.lib odbc32.lib odbccp32.lib /MANIFEST /ManifestFile:"Debug\Sort.exe.intermediate.manifest" /MANIFESTUAC:"level='asInvoker' uiAccess='false'" /DEBUG /PDB:"T:\Sort\Debug\Sort.pdb" /SUBSYSTEM:CONSOLE /TLBID:1 /DYNAMICBASE /NXCOMPAT /IMPLIB:"T:\Sort\Debug\Sort.lib" /MACHINE:X86 Debug\Sort.exe.embed.manifest.res
         Debug\Sort.obj
         Debug\stdafx.obj
         Sort.vcxproj -> T:\Sort\Debug\Sort.exe
       FinalizeBuildStatus:
         Deleting file "Debug\Sort.unsuccessfulbuild".
         Touching "Debug\Sort.lastbuildstate".
     1>Done Building Project "T:\Sort\Sort\Sort.vcxproj" (build target(s)).

Build succeeded.

Time Elapsed 00:00:02.45
