Build started 4/27/2016 4:57:15 PM.
     1>Project "N:\MTH221\mth22113\lab 26\lab 26\lab 26.vcxproj" on node 2 (build target(s)).
     1>InitializeBuildStatus:
         Creating "Debug\lab 26.unsuccessfulbuild" because "AlwaysCreate" was specified.
       ClCompile:
         All outputs are up-to-date.
         All outputs are up-to-date.
       ManifestResourceCompile:
         C:\Program Files (x86)\Microsoft SDKs\Windows\v7.0A\bin\rc.exe /nologo /fo"Debug\lab 26.exe.embed.manifest.res" "Debug\lab 26_manifest.rc" 
       Link:
         C:\Program Files (x86)\Microsoft Visual Studio 10.0\VC\bin\link.exe /ERRORREPORT:PROMPT /OUT:"N:\MTH221\mth22113\lab 26\Debug\lab 26.exe" /INCREMENTAL /NOLOGO kernel32.lib user32.lib gdi32.lib winspool.lib comdlg32.lib advapi32.lib shell32.lib ole32.lib oleaut32.lib uuid.lib odbc32.lib odbccp32.lib /MANIFEST /ManifestFile:"Debug\lab 26.exe.intermediate.manifest" /MANIFESTUAC:"level='asInvoker' uiAccess='false'" /DEBUG /PDB:"N:\MTH221\mth22113\lab 26\Debug\lab 26.pdb" /SUBSYSTEM:CONSOLE /TLBID:1 /DYNAMICBASE /NXCOMPAT /IMPLIB:"N:\MTH221\mth22113\lab 26\Debug\lab 26.lib" /MACHINE:X86 "Debug\lab 26.exe.embed.manifest.res"
         "Debug\lab 26.obj"
         Debug\stdafx.obj
       Manifest:
         C:\Program Files (x86)\Microsoft SDKs\Windows\v7.0A\bin\mt.exe /nologo /verbose /out:"Debug\lab 26.exe.embed.manifest" /manifest "Debug\lab 26.exe.intermediate.manifest"
         C:\Program Files (x86)\Microsoft SDKs\Windows\v7.0A\bin\rc.exe /nologo /fo"Debug\lab 26.exe.embed.manifest.res" "Debug\lab 26_manifest.rc" 
       LinkEmbedManifest:
         C:\Program Files (x86)\Microsoft Visual Studio 10.0\VC\bin\link.exe /ERRORREPORT:PROMPT /OUT:"N:\MTH221\mth22113\lab 26\Debug\lab 26.exe" /INCREMENTAL /NOLOGO kernel32.lib user32.lib gdi32.lib winspool.lib comdlg32.lib advapi32.lib shell32.lib ole32.lib oleaut32.lib uuid.lib odbc32.lib odbccp32.lib /MANIFEST /ManifestFile:"Debug\lab 26.exe.intermediate.manifest" /MANIFESTUAC:"level='asInvoker' uiAccess='false'" /DEBUG /PDB:"N:\MTH221\mth22113\lab 26\Debug\lab 26.pdb" /SUBSYSTEM:CONSOLE /TLBID:1 /DYNAMICBASE /NXCOMPAT /IMPLIB:"N:\MTH221\mth22113\lab 26\Debug\lab 26.lib" /MACHINE:X86 "Debug\lab 26.exe.embed.manifest.res"
         "Debug\lab 26.obj"
         Debug\stdafx.obj
         lab 26.vcxproj -> N:\MTH221\mth22113\lab 26\Debug\lab 26.exe
       FinalizeBuildStatus:
         Deleting file "Debug\lab 26.unsuccessfulbuild".
         Touching "Debug\lab 26.lastbuildstate".
     1>Done Building Project "N:\MTH221\mth22113\lab 26\lab 26\lab 26.vcxproj" (build target(s)).

Build succeeded.

Time Elapsed 00:00:01.22
